0 info it worked if it ends with ok
1 verbose cli [ 'node', '/usr/local/bin/npm', 'install' ]
2 info using npm@1.4.28
3 info using node@v0.10.35
4 verbose readDependencies using package.json deps
5 verbose install where, deps [ '/Applications/MAMP/htdocs/quill/wp-content/themes/html5blank',
5 verbose install   [ 'del',
5 verbose install     'gulp',
5 verbose install     'gulp-autoprefixer',
5 verbose install     'gulp-concat',
5 verbose install     'gulp-csso',
5 verbose install     'gulp-jshint',
5 verbose install     'gulp-livereload',
5 verbose install     'gulp-load-plugins',
5 verbose install     'gulp-ruby-sass',
5 verbose install     'gulp-template',
5 verbose install     'gulp-uglify',
5 verbose install     'jshint-stylish' ] ]
6 info preinstall HTML5Blank@1.5.0
7 verbose readDependencies using package.json deps
8 verbose cache add [ 'del@^0.1.2', null ]
9 verbose cache add name=undefined spec="del@^0.1.2" args=["del@^0.1.2",null]
10 verbose parsed url { protocol: null,
10 verbose parsed url   slashes: null,
10 verbose parsed url   auth: null,
10 verbose parsed url   host: null,
10 verbose parsed url   port: null,
10 verbose parsed url   hostname: null,
10 verbose parsed url   hash: null,
10 verbose parsed url   search: null,
10 verbose parsed url   query: null,
10 verbose parsed url   pathname: 'del@^0.1.2',
10 verbose parsed url   path: 'del@^0.1.2',
10 verbose parsed url   href: 'del@^0.1.2' }
11 verbose cache add [ 'gulp@^3.6.0', null ]
12 verbose cache add name=undefined spec="gulp@^3.6.0" args=["gulp@^3.6.0",null]
13 verbose parsed url { protocol: null,
13 verbose parsed url   slashes: null,
13 verbose parsed url   auth: null,
13 verbose parsed url   host: null,
13 verbose parsed url   port: null,
13 verbose parsed url   hostname: null,
13 verbose parsed url   hash: null,
13 verbose parsed url   search: null,
13 verbose parsed url   query: null,
13 verbose parsed url   pathname: 'gulp@^3.6.0',
13 verbose parsed url   path: 'gulp@^3.6.0',
13 verbose parsed url   href: 'gulp@^3.6.0' }
14 verbose cache add name="del" spec="^0.1.2" args=["del","^0.1.2"]
15 verbose parsed url { protocol: null,
15 verbose parsed url   slashes: null,
15 verbose parsed url   auth: null,
15 verbose parsed url   host: null,
15 verbose parsed url   port: null,
15 verbose parsed url   hostname: null,
15 verbose parsed url   hash: null,
15 verbose parsed url   search: null,
15 verbose parsed url   query: null,
15 verbose parsed url   pathname: '^0.1.2',
15 verbose parsed url   path: '^0.1.2',
15 verbose parsed url   href: '^0.1.2' }
16 verbose addNamed [ 'del', '^0.1.2' ]
17 verbose addNamed [ null, '>=0.1.2-0 <0.2.0-0' ]
18 verbose cache add name="gulp" spec="^3.6.0" args=["gulp","^3.6.0"]
19 verbose parsed url { protocol: null,
19 verbose parsed url   slashes: null,
19 verbose parsed url   auth: null,
19 verbose parsed url   host: null,
19 verbose parsed url   port: null,
19 verbose parsed url   hostname: null,
19 verbose parsed url   hash: null,
19 verbose parsed url   search: null,
19 verbose parsed url   query: null,
19 verbose parsed url   pathname: '^3.6.0',
19 verbose parsed url   path: '^3.6.0',
19 verbose parsed url   href: '^3.6.0' }
20 verbose addNamed [ 'gulp', '^3.6.0' ]
21 verbose addNamed [ null, '>=3.6.0-0 <4.0.0-0' ]
22 verbose cache add [ 'gulp-autoprefixer@^0.0.7', null ]
23 verbose cache add name=undefined spec="gulp-autoprefixer@^0.0.7" args=["gulp-autoprefixer@^0.0.7",null]
24 verbose parsed url { protocol: null,
24 verbose parsed url   slashes: null,
24 verbose parsed url   auth: null,
24 verbose parsed url   host: null,
24 verbose parsed url   port: null,
24 verbose parsed url   hostname: null,
24 verbose parsed url   hash: null,
24 verbose parsed url   search: null,
24 verbose parsed url   query: null,
24 verbose parsed url   pathname: 'gulp-autoprefixer@^0.0.7',
24 verbose parsed url   path: 'gulp-autoprefixer@^0.0.7',
24 verbose parsed url   href: 'gulp-autoprefixer@^0.0.7' }
25 verbose cache add [ 'gulp-concat@^2.3.4', null ]
26 verbose cache add name=undefined spec="gulp-concat@^2.3.4" args=["gulp-concat@^2.3.4",null]
27 verbose parsed url { protocol: null,
27 verbose parsed url   slashes: null,
27 verbose parsed url   auth: null,
27 verbose parsed url   host: null,
27 verbose parsed url   port: null,
27 verbose parsed url   hostname: null,
27 verbose parsed url   hash: null,
27 verbose parsed url   search: null,
27 verbose parsed url   query: null,
27 verbose parsed url   pathname: 'gulp-concat@^2.3.4',
27 verbose parsed url   path: 'gulp-concat@^2.3.4',
27 verbose parsed url   href: 'gulp-concat@^2.3.4' }
28 verbose cache add [ 'gulp-csso@^0.2.9', null ]
29 verbose cache add name=undefined spec="gulp-csso@^0.2.9" args=["gulp-csso@^0.2.9",null]
30 verbose parsed url { protocol: null,
30 verbose parsed url   slashes: null,
30 verbose parsed url   auth: null,
30 verbose parsed url   host: null,
30 verbose parsed url   port: null,
30 verbose parsed url   hostname: null,
30 verbose parsed url   hash: null,
30 verbose parsed url   search: null,
30 verbose parsed url   query: null,
30 verbose parsed url   pathname: 'gulp-csso@^0.2.9',
30 verbose parsed url   path: 'gulp-csso@^0.2.9',
30 verbose parsed url   href: 'gulp-csso@^0.2.9' }
31 silly lockFile 1553f496-del-0-1-2 del@^0.1.2
32 verbose lock del@^0.1.2 /Users/rpmdeveloper/.npm/1553f496-del-0-1-2.lock
33 silly lockFile 75cdcb5c-gulp-3-6-0 gulp@^3.6.0
34 verbose lock gulp@^3.6.0 /Users/rpmdeveloper/.npm/75cdcb5c-gulp-3-6-0.lock
35 verbose cache add name="gulp-autoprefixer" spec="^0.0.7" args=["gulp-autoprefixer","^0.0.7"]
36 verbose parsed url { protocol: null,
36 verbose parsed url   slashes: null,
36 verbose parsed url   auth: null,
36 verbose parsed url   host: null,
36 verbose parsed url   port: null,
36 verbose parsed url   hostname: null,
36 verbose parsed url   hash: null,
36 verbose parsed url   search: null,
36 verbose parsed url   query: null,
36 verbose parsed url   pathname: '^0.0.7',
36 verbose parsed url   path: '^0.0.7',
36 verbose parsed url   href: '^0.0.7' }
37 verbose addNamed [ 'gulp-autoprefixer', '^0.0.7' ]
38 verbose addNamed [ null, '=0.0.7' ]
39 silly lockFile a1012483-gulp-autoprefixer-0-0-7 gulp-autoprefixer@^0.0.7
40 verbose lock gulp-autoprefixer@^0.0.7 /Users/rpmdeveloper/.npm/a1012483-gulp-autoprefixer-0-0-7.lock
41 verbose cache add name="gulp-concat" spec="^2.3.4" args=["gulp-concat","^2.3.4"]
42 verbose parsed url { protocol: null,
42 verbose parsed url   slashes: null,
42 verbose parsed url   auth: null,
42 verbose parsed url   host: null,
42 verbose parsed url   port: null,
42 verbose parsed url   hostname: null,
42 verbose parsed url   hash: null,
42 verbose parsed url   search: null,
42 verbose parsed url   query: null,
42 verbose parsed url   pathname: '^2.3.4',
42 verbose parsed url   path: '^2.3.4',
42 verbose parsed url   href: '^2.3.4' }
43 verbose addNamed [ 'gulp-concat', '^2.3.4' ]
44 verbose addNamed [ null, '>=2.3.4-0 <3.0.0-0' ]
45 silly lockFile 25c49fc1-gulp-concat-2-3-4 gulp-concat@^2.3.4
46 verbose lock gulp-concat@^2.3.4 /Users/rpmdeveloper/.npm/25c49fc1-gulp-concat-2-3-4.lock
47 verbose cache add [ 'gulp-jshint@^1.8.4', null ]
48 verbose cache add name=undefined spec="gulp-jshint@^1.8.4" args=["gulp-jshint@^1.8.4",null]
49 verbose parsed url { protocol: null,
49 verbose parsed url   slashes: null,
49 verbose parsed url   auth: null,
49 verbose parsed url   host: null,
49 verbose parsed url   port: null,
49 verbose parsed url   hostname: null,
49 verbose parsed url   hash: null,
49 verbose parsed url   search: null,
49 verbose parsed url   query: null,
49 verbose parsed url   pathname: 'gulp-jshint@^1.8.4',
49 verbose parsed url   path: 'gulp-jshint@^1.8.4',
49 verbose parsed url   href: 'gulp-jshint@^1.8.4' }
50 verbose cache add [ 'gulp-livereload@^1.2.0', null ]
51 verbose cache add name=undefined spec="gulp-livereload@^1.2.0" args=["gulp-livereload@^1.2.0",null]
52 verbose parsed url { protocol: null,
52 verbose parsed url   slashes: null,
52 verbose parsed url   auth: null,
52 verbose parsed url   host: null,
52 verbose parsed url   port: null,
52 verbose parsed url   hostname: null,
52 verbose parsed url   hash: null,
52 verbose parsed url   search: null,
52 verbose parsed url   query: null,
52 verbose parsed url   pathname: 'gulp-livereload@^1.2.0',
52 verbose parsed url   path: 'gulp-livereload@^1.2.0',
52 verbose parsed url   href: 'gulp-livereload@^1.2.0' }
53 verbose cache add [ 'gulp-load-plugins@^0.5.0', null ]
54 verbose cache add name=undefined spec="gulp-load-plugins@^0.5.0" args=["gulp-load-plugins@^0.5.0",null]
55 verbose parsed url { protocol: null,
55 verbose parsed url   slashes: null,
55 verbose parsed url   auth: null,
55 verbose parsed url   host: null,
55 verbose parsed url   port: null,
55 verbose parsed url   hostname: null,
55 verbose parsed url   hash: null,
55 verbose parsed url   search: null,
55 verbose parsed url   query: null,
55 verbose parsed url   pathname: 'gulp-load-plugins@^0.5.0',
55 verbose parsed url   path: 'gulp-load-plugins@^0.5.0',
55 verbose parsed url   href: 'gulp-load-plugins@^0.5.0' }
56 verbose cache add name="gulp-csso" spec="^0.2.9" args=["gulp-csso","^0.2.9"]
57 verbose parsed url { protocol: null,
57 verbose parsed url   slashes: null,
57 verbose parsed url   auth: null,
57 verbose parsed url   host: null,
57 verbose parsed url   port: null,
57 verbose parsed url   hostname: null,
57 verbose parsed url   hash: null,
57 verbose parsed url   search: null,
57 verbose parsed url   query: null,
57 verbose parsed url   pathname: '^0.2.9',
57 verbose parsed url   path: '^0.2.9',
57 verbose parsed url   href: '^0.2.9' }
58 verbose addNamed [ 'gulp-csso', '^0.2.9' ]
59 verbose addNamed [ null, '>=0.2.9-0 <0.3.0-0' ]
60 silly lockFile edaef1d5-gulp-csso-0-2-9 gulp-csso@^0.2.9
61 verbose lock gulp-csso@^0.2.9 /Users/rpmdeveloper/.npm/edaef1d5-gulp-csso-0-2-9.lock
62 verbose cache add [ 'gulp-ruby-sass@^0.7.1', null ]
63 verbose cache add name=undefined spec="gulp-ruby-sass@^0.7.1" args=["gulp-ruby-sass@^0.7.1",null]
64 verbose parsed url { protocol: null,
64 verbose parsed url   slashes: null,
64 verbose parsed url   auth: null,
64 verbose parsed url   host: null,
64 verbose parsed url   port: null,
64 verbose parsed url   hostname: null,
64 verbose parsed url   hash: null,
64 verbose parsed url   search: null,
64 verbose parsed url   query: null,
64 verbose parsed url   pathname: 'gulp-ruby-sass@^0.7.1',
64 verbose parsed url   path: 'gulp-ruby-sass@^0.7.1',
64 verbose parsed url   href: 'gulp-ruby-sass@^0.7.1' }
65 verbose cache add [ 'gulp-template@^1.0.0', null ]
66 verbose cache add name=undefined spec="gulp-template@^1.0.0" args=["gulp-template@^1.0.0",null]
67 verbose parsed url { protocol: null,
67 verbose parsed url   slashes: null,
67 verbose parsed url   auth: null,
67 verbose parsed url   host: null,
67 verbose parsed url   port: null,
67 verbose parsed url   hostname: null,
67 verbose parsed url   hash: null,
67 verbose parsed url   search: null,
67 verbose parsed url   query: null,
67 verbose parsed url   pathname: 'gulp-template@^1.0.0',
67 verbose parsed url   path: 'gulp-template@^1.0.0',
67 verbose parsed url   href: 'gulp-template@^1.0.0' }
68 verbose cache add [ 'gulp-uglify@^1.0.0', null ]
69 verbose cache add name=undefined spec="gulp-uglify@^1.0.0" args=["gulp-uglify@^1.0.0",null]
70 verbose parsed url { protocol: null,
70 verbose parsed url   slashes: null,
70 verbose parsed url   auth: null,
70 verbose parsed url   host: null,
70 verbose parsed url   port: null,
70 verbose parsed url   hostname: null,
70 verbose parsed url   hash: null,
70 verbose parsed url   search: null,
70 verbose parsed url   query: null,
70 verbose parsed url   pathname: 'gulp-uglify@^1.0.0',
70 verbose parsed url   path: 'gulp-uglify@^1.0.0',
70 verbose parsed url   href: 'gulp-uglify@^1.0.0' }
71 verbose cache add [ 'jshint-stylish@^0.4.0', null ]
72 verbose cache add name=undefined spec="jshint-stylish@^0.4.0" args=["jshint-stylish@^0.4.0",null]
73 verbose parsed url { protocol: null,
73 verbose parsed url   slashes: null,
73 verbose parsed url   auth: null,
73 verbose parsed url   host: null,
73 verbose parsed url   port: null,
73 verbose parsed url   hostname: null,
73 verbose parsed url   hash: null,
73 verbose parsed url   search: null,
73 verbose parsed url   query: null,
73 verbose parsed url   pathname: 'jshint-stylish@^0.4.0',
73 verbose parsed url   path: 'jshint-stylish@^0.4.0',
73 verbose parsed url   href: 'jshint-stylish@^0.4.0' }
74 verbose cache add name="gulp-jshint" spec="^1.8.4" args=["gulp-jshint","^1.8.4"]
75 verbose parsed url { protocol: null,
75 verbose parsed url   slashes: null,
75 verbose parsed url   auth: null,
75 verbose parsed url   host: null,
75 verbose parsed url   port: null,
75 verbose parsed url   hostname: null,
75 verbose parsed url   hash: null,
75 verbose parsed url   search: null,
75 verbose parsed url   query: null,
75 verbose parsed url   pathname: '^1.8.4',
75 verbose parsed url   path: '^1.8.4',
75 verbose parsed url   href: '^1.8.4' }
76 verbose addNamed [ 'gulp-jshint', '^1.8.4' ]
77 verbose addNamed [ null, '>=1.8.4-0 <2.0.0-0' ]
78 silly lockFile ba46c3d3-gulp-jshint-1-8-4 gulp-jshint@^1.8.4
79 verbose lock gulp-jshint@^1.8.4 /Users/rpmdeveloper/.npm/ba46c3d3-gulp-jshint-1-8-4.lock
80 verbose cache add name="gulp-livereload" spec="^1.2.0" args=["gulp-livereload","^1.2.0"]
81 verbose parsed url { protocol: null,
81 verbose parsed url   slashes: null,
81 verbose parsed url   auth: null,
81 verbose parsed url   host: null,
81 verbose parsed url   port: null,
81 verbose parsed url   hostname: null,
81 verbose parsed url   hash: null,
81 verbose parsed url   search: null,
81 verbose parsed url   query: null,
81 verbose parsed url   pathname: '^1.2.0',
81 verbose parsed url   path: '^1.2.0',
81 verbose parsed url   href: '^1.2.0' }
82 verbose addNamed [ 'gulp-livereload', '^1.2.0' ]
83 verbose addNamed [ null, '>=1.2.0-0 <2.0.0-0' ]
84 silly lockFile 8b91b0dd-gulp-livereload-1-2-0 gulp-livereload@^1.2.0
85 verbose lock gulp-livereload@^1.2.0 /Users/rpmdeveloper/.npm/8b91b0dd-gulp-livereload-1-2-0.lock
86 verbose cache add name="gulp-load-plugins" spec="^0.5.0" args=["gulp-load-plugins","^0.5.0"]
87 verbose parsed url { protocol: null,
87 verbose parsed url   slashes: null,
87 verbose parsed url   auth: null,
87 verbose parsed url   host: null,
87 verbose parsed url   port: null,
87 verbose parsed url   hostname: null,
87 verbose parsed url   hash: null,
87 verbose parsed url   search: null,
87 verbose parsed url   query: null,
87 verbose parsed url   pathname: '^0.5.0',
87 verbose parsed url   path: '^0.5.0',
87 verbose parsed url   href: '^0.5.0' }
88 verbose addNamed [ 'gulp-load-plugins', '^0.5.0' ]
89 verbose addNamed [ null, '>=0.5.0-0 <0.6.0-0' ]
90 silly lockFile 79f8e8a0-gulp-load-plugins-0-5-0 gulp-load-plugins@^0.5.0
91 verbose lock gulp-load-plugins@^0.5.0 /Users/rpmdeveloper/.npm/79f8e8a0-gulp-load-plugins-0-5-0.lock
92 verbose cache add name="gulp-ruby-sass" spec="^0.7.1" args=["gulp-ruby-sass","^0.7.1"]
93 verbose parsed url { protocol: null,
93 verbose parsed url   slashes: null,
93 verbose parsed url   auth: null,
93 verbose parsed url   host: null,
93 verbose parsed url   port: null,
93 verbose parsed url   hostname: null,
93 verbose parsed url   hash: null,
93 verbose parsed url   search: null,
93 verbose parsed url   query: null,
93 verbose parsed url   pathname: '^0.7.1',
93 verbose parsed url   path: '^0.7.1',
93 verbose parsed url   href: '^0.7.1' }
94 verbose addNamed [ 'gulp-ruby-sass', '^0.7.1' ]
95 verbose addNamed [ null, '>=0.7.1-0 <0.8.0-0' ]
96 silly lockFile 3df01d2e-gulp-ruby-sass-0-7-1 gulp-ruby-sass@^0.7.1
97 verbose lock gulp-ruby-sass@^0.7.1 /Users/rpmdeveloper/.npm/3df01d2e-gulp-ruby-sass-0-7-1.lock
98 verbose cache add name="gulp-template" spec="^1.0.0" args=["gulp-template","^1.0.0"]
99 verbose parsed url { protocol: null,
99 verbose parsed url   slashes: null,
99 verbose parsed url   auth: null,
99 verbose parsed url   host: null,
99 verbose parsed url   port: null,
99 verbose parsed url   hostname: null,
99 verbose parsed url   hash: null,
99 verbose parsed url   search: null,
99 verbose parsed url   query: null,
99 verbose parsed url   pathname: '^1.0.0',
99 verbose parsed url   path: '^1.0.0',
99 verbose parsed url   href: '^1.0.0' }
100 verbose addNamed [ 'gulp-template', '^1.0.0' ]
101 verbose addNamed [ null, '>=1.0.0-0 <2.0.0-0' ]
102 silly lockFile 6fe38407-gulp-template-1-0-0 gulp-template@^1.0.0
103 verbose lock gulp-template@^1.0.0 /Users/rpmdeveloper/.npm/6fe38407-gulp-template-1-0-0.lock
104 verbose cache add name="gulp-uglify" spec="^1.0.0" args=["gulp-uglify","^1.0.0"]
105 verbose parsed url { protocol: null,
105 verbose parsed url   slashes: null,
105 verbose parsed url   auth: null,
105 verbose parsed url   host: null,
105 verbose parsed url   port: null,
105 verbose parsed url   hostname: null,
105 verbose parsed url   hash: null,
105 verbose parsed url   search: null,
105 verbose parsed url   query: null,
105 verbose parsed url   pathname: '^1.0.0',
105 verbose parsed url   path: '^1.0.0',
105 verbose parsed url   href: '^1.0.0' }
106 verbose addNamed [ 'gulp-uglify', '^1.0.0' ]
107 verbose addNamed [ null, '>=1.0.0-0 <2.0.0-0' ]
108 silly lockFile b54478de-gulp-uglify-1-0-0 gulp-uglify@^1.0.0
109 verbose lock gulp-uglify@^1.0.0 /Users/rpmdeveloper/.npm/b54478de-gulp-uglify-1-0-0.lock
110 verbose cache add name="jshint-stylish" spec="^0.4.0" args=["jshint-stylish","^0.4.0"]
111 verbose parsed url { protocol: null,
111 verbose parsed url   slashes: null,
111 verbose parsed url   auth: null,
111 verbose parsed url   host: null,
111 verbose parsed url   port: null,
111 verbose parsed url   hostname: null,
111 verbose parsed url   hash: null,
111 verbose parsed url   search: null,
111 verbose parsed url   query: null,
111 verbose parsed url   pathname: '^0.4.0',
111 verbose parsed url   path: '^0.4.0',
111 verbose parsed url   href: '^0.4.0' }
112 verbose addNamed [ 'jshint-stylish', '^0.4.0' ]
113 verbose addNamed [ null, '>=0.4.0-0 <0.5.0-0' ]
114 silly lockFile 81b9be26-jshint-stylish-0-4-0 jshint-stylish@^0.4.0
115 verbose lock jshint-stylish@^0.4.0 /Users/rpmdeveloper/.npm/81b9be26-jshint-stylish-0-4-0.lock
116 silly addNameRange { name: 'gulp', range: '>=3.6.0-0 <4.0.0-0', hasData: false }
117 silly addNameRange { name: 'del', range: '>=0.1.2-0 <0.2.0-0', hasData: false }
118 silly addNameRange { name: 'gulp-autoprefixer', range: '=0.0.7', hasData: false }
119 silly addNameRange { name: 'gulp-concat',
119 silly addNameRange   range: '>=2.3.4-0 <3.0.0-0',
119 silly addNameRange   hasData: false }
120 silly addNameRange { name: 'gulp-csso',
120 silly addNameRange   range: '>=0.2.9-0 <0.3.0-0',
120 silly addNameRange   hasData: false }
121 silly addNameRange { name: 'gulp-jshint',
121 silly addNameRange   range: '>=1.8.4-0 <2.0.0-0',
121 silly addNameRange   hasData: false }
122 silly addNameRange { name: 'gulp-livereload',
122 silly addNameRange   range: '>=1.2.0-0 <2.0.0-0',
122 silly addNameRange   hasData: false }
123 silly addNameRange { name: 'gulp-load-plugins',
123 silly addNameRange   range: '>=0.5.0-0 <0.6.0-0',
123 silly addNameRange   hasData: false }
124 silly addNameRange { name: 'gulp-ruby-sass',
124 silly addNameRange   range: '>=0.7.1-0 <0.8.0-0',
124 silly addNameRange   hasData: false }
125 silly addNameRange { name: 'gulp-template',
125 silly addNameRange   range: '>=1.0.0-0 <2.0.0-0',
125 silly addNameRange   hasData: false }
126 verbose request where is /gulp-autoprefixer
127 verbose request registry https://registry.npmjs.org/
128 verbose request id 894da57deefb125f
129 verbose url raw /gulp-autoprefixer
130 verbose url resolving [ 'https://registry.npmjs.org/', './gulp-autoprefixer' ]
131 verbose url resolved https://registry.npmjs.org/gulp-autoprefixer
132 verbose request where is https://registry.npmjs.org/gulp-autoprefixer
133 info trying registry request attempt 1 at 13:12:45
134 http GET https://registry.npmjs.org/gulp-autoprefixer
135 verbose request where is /gulp-csso
136 verbose request registry https://registry.npmjs.org/
137 verbose url raw /gulp-csso
138 verbose url resolving [ 'https://registry.npmjs.org/', './gulp-csso' ]
139 verbose url resolved https://registry.npmjs.org/gulp-csso
140 verbose request where is https://registry.npmjs.org/gulp-csso
141 info trying registry request attempt 1 at 13:12:45
142 http GET https://registry.npmjs.org/gulp-csso
143 silly addNameRange { name: 'gulp-uglify',
143 silly addNameRange   range: '>=1.0.0-0 <2.0.0-0',
143 silly addNameRange   hasData: false }
144 verbose request where is /gulp-livereload
145 verbose request registry https://registry.npmjs.org/
146 verbose url raw /gulp-livereload
147 verbose url resolving [ 'https://registry.npmjs.org/', './gulp-livereload' ]
148 verbose url resolved https://registry.npmjs.org/gulp-livereload
149 verbose request where is https://registry.npmjs.org/gulp-livereload
150 info trying registry request attempt 1 at 13:12:45
151 http GET https://registry.npmjs.org/gulp-livereload
152 verbose request where is /gulp-ruby-sass
153 verbose request registry https://registry.npmjs.org/
154 verbose url raw /gulp-ruby-sass
155 verbose url resolving [ 'https://registry.npmjs.org/', './gulp-ruby-sass' ]
156 verbose url resolved https://registry.npmjs.org/gulp-ruby-sass
157 verbose request where is https://registry.npmjs.org/gulp-ruby-sass
158 info trying registry request attempt 1 at 13:12:45
159 http GET https://registry.npmjs.org/gulp-ruby-sass
160 silly addNameRange { name: 'jshint-stylish',
160 silly addNameRange   range: '>=0.4.0-0 <0.5.0-0',
160 silly addNameRange   hasData: false }
161 verbose request where is /gulp-template
162 verbose request registry https://registry.npmjs.org/
163 verbose url raw /gulp-template
164 verbose url resolving [ 'https://registry.npmjs.org/', './gulp-template' ]
165 verbose url resolved https://registry.npmjs.org/gulp-template
166 verbose request where is https://registry.npmjs.org/gulp-template
167 info trying registry request attempt 1 at 13:12:45
168 http GET https://registry.npmjs.org/gulp-template
169 verbose request where is /del
170 verbose request registry https://registry.npmjs.org/
171 verbose url raw /del
172 verbose url resolving [ 'https://registry.npmjs.org/', './del' ]
173 verbose url resolved https://registry.npmjs.org/del
174 verbose request where is https://registry.npmjs.org/del
175 info trying registry request attempt 1 at 13:12:45
176 verbose etag "AI6GP0M5LFIPS536CRXOP0LRD"
177 http GET https://registry.npmjs.org/del
178 verbose request where is /gulp-jshint
179 verbose request registry https://registry.npmjs.org/
180 verbose url raw /gulp-jshint
181 verbose url resolving [ 'https://registry.npmjs.org/', './gulp-jshint' ]
182 verbose url resolved https://registry.npmjs.org/gulp-jshint
183 verbose request where is https://registry.npmjs.org/gulp-jshint
184 info trying registry request attempt 1 at 13:12:45
185 verbose etag "5WBTU32DPLHZDBXAYZ4S7IC2Y"
186 http GET https://registry.npmjs.org/gulp-jshint
187 verbose request where is /gulp-concat
188 verbose request registry https://registry.npmjs.org/
189 verbose url raw /gulp-concat
190 verbose url resolving [ 'https://registry.npmjs.org/', './gulp-concat' ]
191 verbose url resolved https://registry.npmjs.org/gulp-concat
192 verbose request where is https://registry.npmjs.org/gulp-concat
193 info trying registry request attempt 1 at 13:12:45
194 verbose etag "9KFQLP9380851XN1DQHUX63RL"
195 http GET https://registry.npmjs.org/gulp-concat
196 verbose request where is /gulp
197 verbose request registry https://registry.npmjs.org/
198 verbose url raw /gulp
199 verbose url resolving [ 'https://registry.npmjs.org/', './gulp' ]
200 verbose url resolved https://registry.npmjs.org/gulp
201 verbose request where is https://registry.npmjs.org/gulp
202 info trying registry request attempt 1 at 13:12:45
203 verbose etag "EOZJDNUCAN683DXC55T2W1JVT"
204 http GET https://registry.npmjs.org/gulp
205 verbose request where is /gulp-load-plugins
206 verbose request registry https://registry.npmjs.org/
207 verbose url raw /gulp-load-plugins
208 verbose url resolving [ 'https://registry.npmjs.org/', './gulp-load-plugins' ]
209 verbose url resolved https://registry.npmjs.org/gulp-load-plugins
210 verbose request where is https://registry.npmjs.org/gulp-load-plugins
211 info trying registry request attempt 1 at 13:12:45
212 verbose etag "EZS2RQ38CWMAAYPPWCTQ934WC"
213 http GET https://registry.npmjs.org/gulp-load-plugins
214 verbose request where is /gulp-uglify
215 verbose request registry https://registry.npmjs.org/
216 verbose url raw /gulp-uglify
217 verbose url resolving [ 'https://registry.npmjs.org/', './gulp-uglify' ]
218 verbose url resolved https://registry.npmjs.org/gulp-uglify
219 verbose request where is https://registry.npmjs.org/gulp-uglify
220 info trying registry request attempt 1 at 13:12:45
221 verbose etag "APPVFGT31RKWCRMVULS3ZRDNV"
222 http GET https://registry.npmjs.org/gulp-uglify
223 verbose request where is /jshint-stylish
224 verbose request registry https://registry.npmjs.org/
225 verbose url raw /jshint-stylish
226 verbose url resolving [ 'https://registry.npmjs.org/', './jshint-stylish' ]
227 verbose url resolved https://registry.npmjs.org/jshint-stylish
228 verbose request where is https://registry.npmjs.org/jshint-stylish
229 info trying registry request attempt 1 at 13:12:45
230 verbose etag "NYWQPJZ9NQ4YH73FJ1A4VG8F"
231 http GET https://registry.npmjs.org/jshint-stylish
232 http 200 https://registry.npmjs.org/gulp-template
233 silly registry.get cb [ 200,
233 silly registry.get   { date: 'Fri, 24 Apr 2015 17:12:45 GMT',
233 silly registry.get     server: 'CouchDB/1.5.0 (Erlang OTP/R16B03)',
233 silly registry.get     etag: '"I9OLB6838PJHKWKR0RY9A0BF"',
233 silly registry.get     'content-type': 'application/json',
233 silly registry.get     'cache-control': 'max-age=60',
233 silly registry.get     'content-length': '16179',
233 silly registry.get     'accept-ranges': 'bytes',
233 silly registry.get     via: '1.1 varnish',
233 silly registry.get     age: '0',
233 silly registry.get     'x-served-by': 'cache-iad2135-IAD',
233 silly registry.get     'x-cache': 'HIT',
233 silly registry.get     'x-cache-hits': '1',
233 silly registry.get     'x-timer': 'S1429895565.675941,VS0,VE15',
233 silly registry.get     vary: 'Accept',
233 silly registry.get     'keep-alive': 'timeout=10, max=50',
233 silly registry.get     connection: 'Keep-Alive' } ]
234 http 200 https://registry.npmjs.org/gulp-livereload
235 silly registry.get cb [ 200,
235 silly registry.get   { date: 'Fri, 24 Apr 2015 17:12:45 GMT',
235 silly registry.get     server: 'CouchDB/1.5.0 (Erlang OTP/R16B03)',
235 silly registry.get     etag: '"26WYVBYC1WKZSWJXLQWM8IY30"',
235 silly registry.get     'content-type': 'application/json',
235 silly registry.get     'cache-control': 'max-age=60',
235 silly registry.get     'content-length': '34094',
235 silly registry.get     'accept-ranges': 'bytes',
235 silly registry.get     via: '1.1 varnish',
235 silly registry.get     age: '0',
235 silly registry.get     'x-served-by': 'cache-iad2120-IAD',
235 silly registry.get     'x-cache': 'HIT',
235 silly registry.get     'x-cache-hits': '1',
235 silly registry.get     'x-timer': 'S1429895565.673661,VS0,VE16',
235 silly registry.get     vary: 'Accept',
235 silly registry.get     'keep-alive': 'timeout=10, max=50',
235 silly registry.get     connection: 'Keep-Alive' } ]
236 silly addNameRange number 2 { name: 'gulp-template',
236 silly addNameRange   range: '>=1.0.0-0 <2.0.0-0',
236 silly addNameRange   hasData: true }
237 silly addNameRange versions [ 'gulp-template',
237 silly addNameRange   [ '0.1.0',
237 silly addNameRange     '0.1.1',
237 silly addNameRange     '0.1.2',
237 silly addNameRange     '1.0.0',
237 silly addNameRange     '1.0.1',
237 silly addNameRange     '1.1.0',
237 silly addNameRange     '1.1.1',
237 silly addNameRange     '2.0.0',
237 silly addNameRange     '2.1.0',
237 silly addNameRange     '2.1.1',
237 silly addNameRange     '3.0.0' ] ]
238 verbose addNamed [ 'gulp-template', '1.1.1' ]
239 verbose addNamed [ '1.1.1', '1.1.1' ]
240 silly lockFile 79bb979f-gulp-template-1-1-1 gulp-template@1.1.1
241 verbose lock gulp-template@1.1.1 /Users/rpmdeveloper/.npm/79bb979f-gulp-template-1-1-1.lock
242 silly addNameRange number 2 { name: 'gulp-livereload',
242 silly addNameRange   range: '>=1.2.0-0 <2.0.0-0',
242 silly addNameRange   hasData: true }
243 silly addNameRange versions [ 'gulp-livereload',
243 silly addNameRange   [ '0.1.1',
243 silly addNameRange     '0.2.0',
243 silly addNameRange     '0.3.0',
243 silly addNameRange     '0.3.1',
243 silly addNameRange     '0.3.2',
243 silly addNameRange     '1.0.0',
243 silly addNameRange     '1.0.1',
243 silly addNameRange     '1.1.0',
243 silly addNameRange     '1.1.1',
243 silly addNameRange     '1.2.0',
243 silly addNameRange     '1.3.1',
243 silly addNameRange     '1.4.1',
243 silly addNameRange     '1.4.2',
243 silly addNameRange     '1.5.0',
243 silly addNameRange     '2.0.0',
243 silly addNameRange     '2.1.0',
243 silly addNameRange     '2.1.1',
243 silly addNameRange     '3.0.0',
243 silly addNameRange     '3.0.1',
243 silly addNameRange     '3.0.2',
243 silly addNameRange     '3.1.0',
243 silly addNameRange     '3.2.0',
243 silly addNameRange     '3.3.0',
243 silly addNameRange     '3.4.0',
243 silly addNameRange     '3.5.0',
243 silly addNameRange     '3.6.0',
243 silly addNameRange     '3.7.0',
243 silly addNameRange     '3.8.0' ] ]
244 verbose addNamed [ 'gulp-livereload', '1.5.0' ]
245 verbose addNamed [ '1.5.0', '1.5.0' ]
246 silly lockFile ed36d8ce-gulp-livereload-1-5-0 gulp-livereload@1.5.0
247 verbose lock gulp-livereload@1.5.0 /Users/rpmdeveloper/.npm/ed36d8ce-gulp-livereload-1-5-0.lock
248 http 200 https://registry.npmjs.org/gulp-csso
249 silly registry.get cb [ 200,
249 silly registry.get   { date: 'Fri, 24 Apr 2015 17:12:45 GMT',
249 silly registry.get     server: 'CouchDB/1.5.0 (Erlang OTP/R16B03)',
249 silly registry.get     etag: '"4OM7055DHMCQZIWSB68GRFIHK"',
249 silly registry.get     'content-type': 'application/json',
249 silly registry.get     'cache-control': 'max-age=60',
249 silly registry.get     'content-length': '23662',
249 silly registry.get     'accept-ranges': 'bytes',
249 silly registry.get     via: '1.1 varnish',
249 silly registry.get     age: '0',
249 silly registry.get     'x-served-by': 'cache-iad2133-IAD',
249 silly registry.get     'x-cache': 'HIT',
249 silly registry.get     'x-cache-hits': '1',
249 silly registry.get     'x-timer': 'S1429895565.676413,VS0,VE60',
249 silly registry.get     vary: 'Accept',
249 silly registry.get     'keep-alive': 'timeout=10, max=50',
249 silly registry.get     connection: 'Keep-Alive' } ]
250 http 200 https://registry.npmjs.org/gulp-jshint
251 silly registry.get cb [ 200,
251 silly registry.get   { date: 'Fri, 24 Apr 2015 17:12:45 GMT',
251 silly registry.get     server: 'CouchDB/1.5.0 (Erlang OTP/R16B03)',
251 silly registry.get     etag: '"29WEKT43TERLTB2BN1H3PZ1KC"',
251 silly registry.get     'content-type': 'application/json',
251 silly registry.get     'cache-control': 'max-age=60',
251 silly registry.get     'content-length': '58843',
251 silly registry.get     'accept-ranges': 'bytes',
251 silly registry.get     via: '1.1 varnish',
251 silly registry.get     age: '13',
251 silly registry.get     'x-served-by': 'cache-iad2120-IAD',
251 silly registry.get     'x-cache': 'HIT',
251 silly registry.get     'x-cache-hits': '1',
251 silly registry.get     'x-timer': 'S1429895565.745580,VS0,VE1',
251 silly registry.get     vary: 'Accept',
251 silly registry.get     'keep-alive': 'timeout=10, max=49',
251 silly registry.get     connection: 'Keep-Alive' } ]
252 silly lockFile 085f6ad2-reload-gulp-livereload-1-5-0-tgz https://registry.npmjs.org/gulp-livereload/-/gulp-livereload-1.5.0.tgz
253 verbose lock https://registry.npmjs.org/gulp-livereload/-/gulp-livereload-1.5.0.tgz /Users/rpmdeveloper/.npm/085f6ad2-reload-gulp-livereload-1-5-0-tgz.lock
254 silly lockFile e291ae80-template-gulp-template-1-1-1-tgz https://registry.npmjs.org/gulp-template/-/gulp-template-1.1.1.tgz
255 verbose lock https://registry.npmjs.org/gulp-template/-/gulp-template-1.1.1.tgz /Users/rpmdeveloper/.npm/e291ae80-template-gulp-template-1-1-1-tgz.lock
256 http 200 https://registry.npmjs.org/gulp-ruby-sass
257 silly registry.get cb [ 200,
257 silly registry.get   { date: 'Fri, 24 Apr 2015 17:12:45 GMT',
257 silly registry.get     server: 'CouchDB/1.5.0 (Erlang OTP/R16B03)',
257 silly registry.get     etag: '"3VIIVSTFG2QFPTIJ8XGAHY2QN"',
257 silly registry.get     'content-type': 'application/json',
257 silly registry.get     'cache-control': 'max-age=60',
257 silly registry.get     'content-length': '31922',
257 silly registry.get     'accept-ranges': 'bytes',
257 silly registry.get     via: '1.1 varnish',
257 silly registry.get     age: '0',
257 silly registry.get     'x-served-by': 'cache-iad2124-IAD',
257 silly registry.get     'x-cache': 'HIT',
257 silly registry.get     'x-cache-hits': '1',
257 silly registry.get     'x-timer': 'S1429895565.670761,VS0,VE88',
257 silly registry.get     vary: 'Accept',
257 silly registry.get     'keep-alive': 'timeout=10, max=50',
257 silly registry.get     connection: 'Keep-Alive' } ]
258 http 200 https://registry.npmjs.org/gulp-concat
259 silly registry.get cb [ 200,
259 silly registry.get   { date: 'Fri, 24 Apr 2015 17:12:45 GMT',
259 silly registry.get     server: 'CouchDB/1.5.0 (Erlang OTP/R16B03)',
259 silly registry.get     etag: '"5AUWE53P5LG7DE8B5PFIIN9OL"',
259 silly registry.get     'content-type': 'application/json',
259 silly registry.get     'cache-control': 'max-age=60',
259 silly registry.get     'content-length': '34852',
259 silly registry.get     'accept-ranges': 'bytes',
259 silly registry.get     via: '1.1 varnish',
259 silly registry.get     age: '48',
259 silly registry.get     'x-served-by': 'cache-iad2133-IAD',
259 silly registry.get     'x-cache': 'HIT',
259 silly registry.get     'x-cache-hits': '1',
259 silly registry.get     'x-timer': 'S1429895565.780182,VS0,VE0',
259 silly registry.get     vary: 'Accept',
259 silly registry.get     'keep-alive': 'timeout=10, max=49',
259 silly registry.get     connection: 'Keep-Alive' } ]
260 http 200 https://registry.npmjs.org/del
261 silly registry.get cb [ 200,
261 silly registry.get   { date: 'Fri, 24 Apr 2015 17:12:45 GMT',
261 silly registry.get     server: 'CouchDB/1.5.0 (Erlang OTP/R16B03)',
261 silly registry.get     etag: '"9XTU2RRHA8JRNHPLVOW2F02B1"',
261 silly registry.get     'content-type': 'application/json',
261 silly registry.get     'cache-control': 'max-age=60',
261 silly registry.get     'content-length': '12310',
261 silly registry.get     'accept-ranges': 'bytes',
261 silly registry.get     via: '1.1 varnish',
261 silly registry.get     age: '0',
261 silly registry.get     'x-served-by': 'cache-iad2135-IAD',
261 silly registry.get     'x-cache': 'HIT',
261 silly registry.get     'x-cache-hits': '1',
261 silly registry.get     'x-timer': 'S1429895565.747054,VS0,VE61',
261 silly registry.get     vary: 'Accept',
261 silly registry.get     'keep-alive': 'timeout=10, max=49',
261 silly registry.get     connection: 'Keep-Alive' } ]
262 http 200 https://registry.npmjs.org/gulp
263 silly registry.get cb [ 200,
263 silly registry.get   { date: 'Fri, 24 Apr 2015 17:12:45 GMT',
263 silly registry.get     server: 'CouchDB/1.5.0 (Erlang OTP/R16B03)',
263 silly registry.get     etag: '"363EDFNTSNLK8HM89H503G6JT"',
263 silly registry.get     'content-type': 'application/json',
263 silly registry.get     'cache-control': 'max-age=60',
263 silly registry.get     'content-length': '101101',
263 silly registry.get     'accept-ranges': 'bytes',
263 silly registry.get     via: '1.1 varnish',
263 silly registry.get     age: '30',
263 silly registry.get     'x-served-by': 'cache-iad2120-IAD',
263 silly registry.get     'x-cache': 'HIT',
263 silly registry.get     'x-cache-hits': '1',
263 silly registry.get     'x-timer': 'S1429895565.789344,VS0,VE0',
263 silly registry.get     vary: 'Accept',
263 silly registry.get     'keep-alive': 'timeout=10, max=48',
263 silly registry.get     connection: 'Keep-Alive' } ]
264 verbose addRemoteTarball [ 'https://registry.npmjs.org/gulp-livereload/-/gulp-livereload-1.5.0.tgz',
264 verbose addRemoteTarball   '9f07d97cdae571f0f6b84ad590783f61745670ed' ]
265 verbose addRemoteTarball [ 'https://registry.npmjs.org/gulp-template/-/gulp-template-1.1.1.tgz',
265 verbose addRemoteTarball   'f7701c659e42e1622bfda0e3db652b03276f8c78' ]
266 silly addNameRange number 2 { name: 'gulp-jshint',
266 silly addNameRange   range: '>=1.8.4-0 <2.0.0-0',
266 silly addNameRange   hasData: true }
267 silly addNameRange versions [ 'gulp-jshint',
267 silly addNameRange   [ '0.0.1',
267 silly addNameRange     '0.1.0',
267 silly addNameRange     '1.0.0',
267 silly addNameRange     '1.1.0',
267 silly addNameRange     '1.2.0',
267 silly addNameRange     '1.3.0',
267 silly addNameRange     '1.3.1',
267 silly addNameRange     '1.3.2',
267 silly addNameRange     '1.3.3',
267 silly addNameRange     '1.3.4',
267 silly addNameRange     '1.4.0',
267 silly addNameRange     '1.4.1',
267 silly addNameRange     '1.4.2',
267 silly addNameRange     '1.5.0',
267 silly addNameRange     '1.5.1',
267 silly addNameRange     '1.5.2',
267 silly addNameRange     '1.5.3',
267 silly addNameRange     '1.5.4',
267 silly addNameRange     '1.5.5',
267 silly addNameRange     '1.5.6',
267 silly addNameRange     '1.6.0',
267 silly addNameRange     '1.6.1',
267 silly addNameRange     '1.6.2',
267 silly addNameRange     '1.6.3',
267 silly addNameRange     '1.6.4',
267 silly addNameRange     '1.7.0',
267 silly addNameRange     '1.7.1',
267 silly addNameRange     '1.8.0',
267 silly addNameRange     '1.8.1',
267 silly addNameRange     '1.8.2',
267 silly addNameRange     '1.8.3',
267 silly addNameRange     '1.8.4',
267 silly addNameRange     '1.8.5',
267 silly addNameRange     '1.8.6',
267 silly addNameRange     '1.9.0',
267 silly addNameRange     '1.9.2',
267 silly addNameRange     '1.9.3',
267 silly addNameRange     '1.9.4',
267 silly addNameRange     '1.10.0' ] ]
268 verbose addNamed [ 'gulp-jshint', '1.10.0' ]
269 verbose addNamed [ '1.10.0', '1.10.0' ]
270 silly lockFile 4defc810-gulp-jshint-1-10-0 gulp-jshint@1.10.0
271 verbose lock gulp-jshint@1.10.0 /Users/rpmdeveloper/.npm/4defc810-gulp-jshint-1-10-0.lock
272 silly addNameRange number 2 { name: 'gulp-concat',
272 silly addNameRange   range: '>=2.3.4-0 <3.0.0-0',
272 silly addNameRange   hasData: true }
273 silly addNameRange versions [ 'gulp-concat',
273 silly addNameRange   [ '0.0.1',
273 silly addNameRange     '1.0.0',
273 silly addNameRange     '1.1.0',
273 silly addNameRange     '2.0.0',
273 silly addNameRange     '2.1.0',
273 silly addNameRange     '2.1.1',
273 silly addNameRange     '2.1.2',
273 silly addNameRange     '2.1.3',
273 silly addNameRange     '2.1.4',
273 silly addNameRange     '2.1.5',
273 silly addNameRange     '2.1.6',
273 silly addNameRange     '2.1.7',
273 silly addNameRange     '2.2.0',
273 silly addNameRange     '2.3.0',
273 silly addNameRange     '2.3.3',
273 silly addNameRange     '2.3.4',
273 silly addNameRange     '2.3.5',
273 silly addNameRange     '2.4.0',
273 silly addNameRange     '2.4.1',
273 silly addNameRange     '2.4.2',
273 silly addNameRange     '2.4.3',
273 silly addNameRange     '2.5.0',
273 silly addNameRange     '2.5.1',
273 silly addNameRange     '2.5.2' ] ]
274 verbose addNamed [ 'gulp-concat', '2.5.2' ]
275 verbose addNamed [ '2.5.2', '2.5.2' ]
276 silly lockFile f86cbda2-gulp-concat-2-5-2 gulp-concat@2.5.2
277 verbose lock gulp-concat@2.5.2 /Users/rpmdeveloper/.npm/f86cbda2-gulp-concat-2-5-2.lock
278 silly addNameRange number 2 { name: 'del', range: '>=0.1.2-0 <0.2.0-0', hasData: true }
279 silly addNameRange versions [ 'del',
279 silly addNameRange   [ '0.1.0', '0.1.1', '0.1.2', '0.1.3', '1.0.0', '1.1.0', '1.1.1' ] ]
280 verbose addNamed [ 'del', '0.1.3' ]
281 verbose addNamed [ '0.1.3', '0.1.3' ]
282 silly lockFile 6d26ea38-del-0-1-3 del@0.1.3
283 verbose lock del@0.1.3 /Users/rpmdeveloper/.npm/6d26ea38-del-0-1-3.lock
284 silly lockFile e2ee236a-lp-jshint-gulp-jshint-1-10-0-tgz https://registry.npmjs.org/gulp-jshint/-/gulp-jshint-1.10.0.tgz
285 verbose lock https://registry.npmjs.org/gulp-jshint/-/gulp-jshint-1.10.0.tgz /Users/rpmdeveloper/.npm/e2ee236a-lp-jshint-gulp-jshint-1-10-0-tgz.lock
286 silly addNameRange number 2 { name: 'gulp-csso', range: '>=0.2.9-0 <0.3.0-0', hasData: true }
287 silly addNameRange versions [ 'gulp-csso',
287 silly addNameRange   [ '0.1.0',
287 silly addNameRange     '0.1.1',
287 silly addNameRange     '0.1.2',
287 silly addNameRange     '0.1.3',
287 silly addNameRange     '0.1.4',
287 silly addNameRange     '0.1.5',
287 silly addNameRange     '0.1.6',
287 silly addNameRange     '0.1.7',
287 silly addNameRange     '0.1.8',
287 silly addNameRange     '0.2.0',
287 silly addNameRange     '0.2.1',
287 silly addNameRange     '0.2.2',
287 silly addNameRange     '0.2.3',
287 silly addNameRange     '0.2.4',
287 silly addNameRange     '0.2.5',
287 silly addNameRange     '0.2.6',
287 silly addNameRange     '0.2.7',
287 silly addNameRange     '0.2.8',
287 silly addNameRange     '0.2.9',
287 silly addNameRange     '1.0.0' ] ]
288 verbose addNamed [ 'gulp-csso', '0.2.9' ]
289 verbose addNamed [ '0.2.9', '0.2.9' ]
290 silly lockFile f21fa682-gulp-csso-0-2-9 gulp-csso@0.2.9
291 verbose lock gulp-csso@0.2.9 /Users/rpmdeveloper/.npm/f21fa682-gulp-csso-0-2-9.lock
292 silly addNameRange number 2 { name: 'gulp', range: '>=3.6.0-0 <4.0.0-0', hasData: true }
293 silly addNameRange versions [ 'gulp',
293 silly addNameRange   [ '0.0.1',
293 silly addNameRange     '0.0.2',
293 silly addNameRange     '0.0.3',
293 silly addNameRange     '0.0.4',
293 silly addNameRange     '0.0.5',
293 silly addNameRange     '0.0.7',
293 silly addNameRange     '0.0.8',
293 silly addNameRange     '0.0.9',
293 silly addNameRange     '0.1.0',
293 silly addNameRange     '0.2.0',
293 silly addNameRange     '1.0.0',
293 silly addNameRange     '1.1.0',
293 silly addNameRange     '1.2.0',
293 silly addNameRange     '1.2.1',
293 silly addNameRange     '2.0.0',
293 silly addNameRange     '2.0.1',
293 silly addNameRange     '2.1.0',
293 silly addNameRange     '2.2.0',
293 silly addNameRange     '2.3.0',
293 silly addNameRange     '2.4.0',
293 silly addNameRange     '2.4.1',
293 silly addNameRange     '2.6.0',
293 silly addNameRange     '2.6.1',
293 silly addNameRange     '2.7.0',
293 silly addNameRange     '3.0.0',
293 silly addNameRange     '3.1.1',
293 silly addNameRange     '3.1.2',
293 silly addNameRange     '3.1.3',
293 silly addNameRange     '3.1.4',
293 silly addNameRange     '3.2.0',
293 silly addNameRange     '3.2.1',
293 silly addNameRange     '3.2.2',
293 silly addNameRange     '3.2.3',
293 silly addNameRange     '3.2.4',
293 silly addNameRange     '3.2.5',
293 silly addNameRange     '3.3.0',
293 silly addNameRange     '3.3.1',
293 silly addNameRange     '3.3.2',
293 silly addNameRange     '3.3.4',
293 silly addNameRange     '3.4.0',
293 silly addNameRange     '3.5.0',
293 silly addNameRange     '3.5.1',
293 silly addNameRange     '3.5.2',
293 silly addNameRange     '3.5.5',
293 silly addNameRange     '3.5.6',
293 silly addNameRange     '3.6.0',
293 silly addNameRange     '3.6.1',
293 silly addNameRange     '3.6.2',
293 silly addNameRange     '3.7.0',
293 silly addNameRange     '3.8.0',
293 silly addNameRange     '3.8.1',
293 silly addNameRange     '3.8.2',
293 silly addNameRange     '3.8.3',
293 silly addNameRange     '3.8.4',
293 silly addNameRange     '3.8.5',
293 silly addNameRange     '3.8.6',
293 silly addNameRange     '3.8.7',
293 silly addNameRange     '3.8.8',
293 silly addNameRange     '3.8.9',
293 silly addNameRange     '3.8.10',
293 silly addNameRange     '3.8.11' ] ]
294 verbose addNamed [ 'gulp', '3.8.11' ]
295 verbose addNamed [ '3.8.11', '3.8.11' ]
296 silly lockFile 3d31ec08-gulp-3-8-11 gulp@3.8.11
297 verbose lock gulp@3.8.11 /Users/rpmdeveloper/.npm/3d31ec08-gulp-3-8-11.lock
298 silly addNameRange number 2 { name: 'gulp-ruby-sass',
298 silly addNameRange   range: '>=0.7.1-0 <0.8.0-0',
298 silly addNameRange   hasData: true }
299 silly addNameRange versions [ 'gulp-ruby-sass',
299 silly addNameRange   [ '0.1.0',
299 silly addNameRange     '0.1.1',
299 silly addNameRange     '0.1.2',
299 silly addNameRange     '0.2.0',
299 silly addNameRange     '0.3.0',
299 silly addNameRange     '0.3.1',
299 silly addNameRange     '0.4.0',
299 silly addNameRange     '0.4.1',
299 silly addNameRange     '0.4.2',
299 silly addNameRange     '0.4.3',
299 silly addNameRange     '0.5.0',
299 silly addNameRange     '0.6.0',
299 silly addNameRange     '0.7.0',
299 silly addNameRange     '0.7.1',
299 silly addNameRange     '1.0.0-alpha',
299 silly addNameRange     '1.0.0-alpha.2',
299 silly addNameRange     '1.0.0-alpha.3',
299 silly addNameRange     '1.0.0',
299 silly addNameRange     '1.0.1' ] ]
300 verbose addNamed [ 'gulp-ruby-sass', '0.7.1' ]
301 verbose addNamed [ '0.7.1', '0.7.1' ]
302 silly lockFile 6c8b8a58-gulp-ruby-sass-0-7-1 gulp-ruby-sass@0.7.1
303 verbose lock gulp-ruby-sass@0.7.1 /Users/rpmdeveloper/.npm/6c8b8a58-gulp-ruby-sass-0-7-1.lock
304 verbose addRemoteTarball [ 'https://registry.npmjs.org/gulp-jshint/-/gulp-jshint-1.10.0.tgz',
304 verbose addRemoteTarball   'bfef911221820344b13ed39dfaf33da7b63a9501' ]
305 info retry fetch attempt 1 at 13:12:45
306 verbose fetch to= /var/folders/lr/7d655tkx465044yxz_s1l_sw0000gq/T/npm-50599-p7zqkt6G/registry.npmjs.org/gulp-livereload/-/gulp-livereload-1.5.0.tgz
307 silly lockFile 9a31bf72-stry-npmjs-org-del-del-0-1-3-tgz https://registry.npmjs.org/del/-/del-0.1.3.tgz
308 verbose lock https://registry.npmjs.org/del/-/del-0.1.3.tgz /Users/rpmdeveloper/.npm/9a31bf72-stry-npmjs-org-del-del-0-1-3-tgz.lock
309 silly lockFile 33e8a767-by-sass-gulp-ruby-sass-0-7-1-tgz https://registry.npmjs.org/gulp-ruby-sass/-/gulp-ruby-sass-0.7.1.tgz
310 verbose lock https://registry.npmjs.org/gulp-ruby-sass/-/gulp-ruby-sass-0.7.1.tgz /Users/rpmdeveloper/.npm/33e8a767-by-sass-gulp-ruby-sass-0-7-1-tgz.lock
311 silly lockFile 03840917-rg-gulp-csso-gulp-csso-0-2-9-tgz https://registry.npmjs.org/gulp-csso/-/gulp-csso-0.2.9.tgz
312 verbose lock https://registry.npmjs.org/gulp-csso/-/gulp-csso-0.2.9.tgz /Users/rpmdeveloper/.npm/03840917-rg-gulp-csso-gulp-csso-0-2-9-tgz.lock
313 http GET https://registry.npmjs.org/gulp-livereload/-/gulp-livereload-1.5.0.tgz
314 info retry fetch attempt 1 at 13:12:45
315 verbose fetch to= /var/folders/lr/7d655tkx465044yxz_s1l_sw0000gq/T/npm-50599-p7zqkt6G/registry.npmjs.org/gulp-template/-/gulp-template-1.1.1.tgz
316 info retry fetch attempt 1 at 13:12:45
317 verbose fetch to= /var/folders/lr/7d655tkx465044yxz_s1l_sw0000gq/T/npm-50599-p7zqkt6G/registry.npmjs.org/gulp-jshint/-/gulp-jshint-1.10.0.tgz
318 verbose addRemoteTarball [ 'https://registry.npmjs.org/del/-/del-0.1.3.tgz',
318 verbose addRemoteTarball   '2d724a719b5acf5c0b840b4224715e838406a419' ]
319 verbose addRemoteTarball [ 'https://registry.npmjs.org/gulp-ruby-sass/-/gulp-ruby-sass-0.7.1.tgz',
319 verbose addRemoteTarball   '2145485be6d848a89d86895317b6eaf865a97aab' ]
320 verbose addRemoteTarball [ 'https://registry.npmjs.org/gulp-csso/-/gulp-csso-0.2.9.tgz',
320 verbose addRemoteTarball   'ae96bde7459b41612ec694a4a877c0848e9dd8f4' ]
321 http GET https://registry.npmjs.org/gulp-template/-/gulp-template-1.1.1.tgz
322 http GET https://registry.npmjs.org/gulp-jshint/-/gulp-jshint-1.10.0.tgz
323 info retry fetch attempt 1 at 13:12:45
324 verbose fetch to= /var/folders/lr/7d655tkx465044yxz_s1l_sw0000gq/T/npm-50599-p7zqkt6G/registry.npmjs.org/gulp-ruby-sass/-/gulp-ruby-sass-0.7.1.tgz
325 info retry fetch attempt 1 at 13:12:45
326 verbose fetch to= /var/folders/lr/7d655tkx465044yxz_s1l_sw0000gq/T/npm-50599-p7zqkt6G/registry.npmjs.org/gulp-csso/-/gulp-csso-0.2.9.tgz
327 info retry fetch attempt 1 at 13:12:45
328 verbose fetch to= /var/folders/lr/7d655tkx465044yxz_s1l_sw0000gq/T/npm-50599-p7zqkt6G/registry.npmjs.org/del/-/del-0.1.3.tgz
329 http GET https://registry.npmjs.org/gulp-ruby-sass/-/gulp-ruby-sass-0.7.1.tgz
330 http GET https://registry.npmjs.org/gulp-csso/-/gulp-csso-0.2.9.tgz
331 http GET https://registry.npmjs.org/del/-/del-0.1.3.tgz
332 silly lockFile 3d31ec08-gulp-3-8-11 gulp@3.8.11
333 silly lockFile 3d31ec08-gulp-3-8-11 gulp@3.8.11
334 silly lockFile 75cdcb5c-gulp-3-6-0 gulp@^3.6.0
335 silly lockFile 75cdcb5c-gulp-3-6-0 gulp@^3.6.0
336 silly lockFile f86cbda2-gulp-concat-2-5-2 gulp-concat@2.5.2
337 silly lockFile f86cbda2-gulp-concat-2-5-2 gulp-concat@2.5.2
338 http 200 https://registry.npmjs.org/gulp-load-plugins
339 silly registry.get cb [ 200,
339 silly registry.get   { date: 'Fri, 24 Apr 2015 17:12:45 GMT',
339 silly registry.get     server: 'CouchDB/1.5.0 (Erlang OTP/R16B03)',
339 silly registry.get     etag: '"64PLA58V1SK6D1MA4NX6QZGDB"',
339 silly registry.get     'content-type': 'application/json',
339 silly registry.get     'cache-control': 'max-age=60',
339 silly registry.get     'content-length': '27920',
339 silly registry.get     'accept-ranges': 'bytes',
339 silly registry.get     via: '1.1 varnish',
339 silly registry.get     age: '0',
339 silly registry.get     'x-served-by': 'cache-iad2124-IAD',
339 silly registry.get     'x-cache': 'HIT',
339 silly registry.get     'x-cache-hits': '1',
339 silly registry.get     'x-timer': 'S1429895565.806885,VS0,VE87',
339 silly registry.get     vary: 'Accept',
339 silly registry.get     'keep-alive': 'timeout=10, max=49',
339 silly registry.get     connection: 'Keep-Alive' } ]
340 silly lockFile 25c49fc1-gulp-concat-2-3-4 gulp-concat@^2.3.4
341 silly lockFile 25c49fc1-gulp-concat-2-3-4 gulp-concat@^2.3.4
342 silly addNameRange number 2 { name: 'gulp-load-plugins',
342 silly addNameRange   range: '>=0.5.0-0 <0.6.0-0',
342 silly addNameRange   hasData: true }
343 silly addNameRange versions [ 'gulp-load-plugins',
343 silly addNameRange   [ '0.2.0',
343 silly addNameRange     '0.3.0',
343 silly addNameRange     '0.4.0',
343 silly addNameRange     '0.5.0',
343 silly addNameRange     '0.5.1',
343 silly addNameRange     '0.6.0-beta',
343 silly addNameRange     '0.5.2',
343 silly addNameRange     '0.5.3',
343 silly addNameRange     '0.6.0',
343 silly addNameRange     '0.7.0',
343 silly addNameRange     '0.7.1',
343 silly addNameRange     '0.8.0',
343 silly addNameRange     '0.8.1',
343 silly addNameRange     '0.9.0',
343 silly addNameRange     '0.10.0' ] ]
344 verbose addNamed [ 'gulp-load-plugins', '0.5.3' ]
345 verbose addNamed [ '0.5.3', '0.5.3' ]
346 silly lockFile b1d20b0a-gulp-load-plugins-0-5-3 gulp-load-plugins@0.5.3
347 verbose lock gulp-load-plugins@0.5.3 /Users/rpmdeveloper/.npm/b1d20b0a-gulp-load-plugins-0-5-3.lock
348 silly lockFile 378eba7e-gins-gulp-load-plugins-0-5-3-tgz https://registry.npmjs.org/gulp-load-plugins/-/gulp-load-plugins-0.5.3.tgz
349 verbose lock https://registry.npmjs.org/gulp-load-plugins/-/gulp-load-plugins-0.5.3.tgz /Users/rpmdeveloper/.npm/378eba7e-gins-gulp-load-plugins-0-5-3-tgz.lock
350 verbose addRemoteTarball [ 'https://registry.npmjs.org/gulp-load-plugins/-/gulp-load-plugins-0.5.3.tgz',
350 verbose addRemoteTarball   '2f2f7ce35d0b6bf1b2d55921d0de76c9d918d35c' ]
351 info retry fetch attempt 1 at 13:12:45
352 verbose fetch to= /var/folders/lr/7d655tkx465044yxz_s1l_sw0000gq/T/npm-50599-p7zqkt6G/registry.npmjs.org/gulp-load-plugins/-/gulp-load-plugins-0.5.3.tgz
353 http GET https://registry.npmjs.org/gulp-load-plugins/-/gulp-load-plugins-0.5.3.tgz
354 http 200 https://registry.npmjs.org/gulp-uglify
355 silly registry.get cb [ 200,
355 silly registry.get   { date: 'Fri, 24 Apr 2015 17:12:45 GMT',
355 silly registry.get     server: 'CouchDB/1.5.0 (Erlang OTP/R16B03)',
355 silly registry.get     etag: '"AJMXMZY6ZUH2EQ34ESN3Y5YH3"',
355 silly registry.get     'content-type': 'application/json',
355 silly registry.get     'cache-control': 'max-age=60',
355 silly registry.get     'content-length': '25546',
355 silly registry.get     'accept-ranges': 'bytes',
355 silly registry.get     via: '1.1 varnish',
355 silly registry.get     age: '0',
355 silly registry.get     'x-served-by': 'cache-iad2133-IAD',
355 silly registry.get     'x-cache': 'HIT',
355 silly registry.get     'x-cache-hits': '1',
355 silly registry.get     'x-timer': 'S1429895565.836775,VS0,VE86',
355 silly registry.get     vary: 'Accept',
355 silly registry.get     'keep-alive': 'timeout=10, max=48',
355 silly registry.get     connection: 'Keep-Alive' } ]
356 http 200 https://registry.npmjs.org/gulp-livereload/-/gulp-livereload-1.5.0.tgz
357 silly addNameRange number 2 { name: 'gulp-uglify',
357 silly addNameRange   range: '>=1.0.0-0 <2.0.0-0',
357 silly addNameRange   hasData: true }
358 silly addNameRange versions [ 'gulp-uglify',
358 silly addNameRange   [ '0.0.1',
358 silly addNameRange     '0.0.3',
358 silly addNameRange     '0.0.4',
358 silly addNameRange     '0.1.0',
358 silly addNameRange     '0.2.0',
358 silly addNameRange     '0.2.1',
358 silly addNameRange     '0.3.0',
358 silly addNameRange     '0.3.1',
358 silly addNameRange     '0.3.2',
358 silly addNameRange     '1.0.0-0',
358 silly addNameRange     '1.0.0',
358 silly addNameRange     '1.0.1',
358 silly addNameRange     '1.0.2',
358 silly addNameRange     '1.1.0',
358 silly addNameRange     '1.2.0' ] ]
359 verbose addNamed [ 'gulp-uglify', '1.2.0' ]
360 verbose addNamed [ '1.2.0', '1.2.0' ]
361 silly lockFile 9d272576-gulp-uglify-1-2-0 gulp-uglify@1.2.0
362 verbose lock gulp-uglify@1.2.0 /Users/rpmdeveloper/.npm/9d272576-gulp-uglify-1-2-0.lock
363 http 200 https://registry.npmjs.org/gulp-jshint/-/gulp-jshint-1.10.0.tgz
364 silly lockFile a22faf16-ulp-uglify-gulp-uglify-1-2-0-tgz https://registry.npmjs.org/gulp-uglify/-/gulp-uglify-1.2.0.tgz
365 verbose lock https://registry.npmjs.org/gulp-uglify/-/gulp-uglify-1.2.0.tgz /Users/rpmdeveloper/.npm/a22faf16-ulp-uglify-gulp-uglify-1-2-0-tgz.lock
366 http 200 https://registry.npmjs.org/gulp-template/-/gulp-template-1.1.1.tgz
367 http 200 https://registry.npmjs.org/gulp-ruby-sass/-/gulp-ruby-sass-0.7.1.tgz
368 verbose addRemoteTarball [ 'https://registry.npmjs.org/gulp-uglify/-/gulp-uglify-1.2.0.tgz',
368 verbose addRemoteTarball   '760a86a5cf68453e0036130763dde2952093e38b' ]
369 http 200 https://registry.npmjs.org/del/-/del-0.1.3.tgz
370 info retry fetch attempt 1 at 13:12:45
371 verbose fetch to= /var/folders/lr/7d655tkx465044yxz_s1l_sw0000gq/T/npm-50599-p7zqkt6G/registry.npmjs.org/gulp-uglify/-/gulp-uglify-1.2.0.tgz
372 http 200 https://registry.npmjs.org/gulp-csso/-/gulp-csso-0.2.9.tgz
373 http GET https://registry.npmjs.org/gulp-uglify/-/gulp-uglify-1.2.0.tgz
374 silly lockFile e2ee236a-lp-jshint-gulp-jshint-1-10-0-tgz https://registry.npmjs.org/gulp-jshint/-/gulp-jshint-1.10.0.tgz
375 silly lockFile e2ee236a-lp-jshint-gulp-jshint-1-10-0-tgz https://registry.npmjs.org/gulp-jshint/-/gulp-jshint-1.10.0.tgz
376 http 200 https://registry.npmjs.org/gulp-load-plugins/-/gulp-load-plugins-0.5.3.tgz
377 silly lockFile 4defc810-gulp-jshint-1-10-0 gulp-jshint@1.10.0
378 silly lockFile 4defc810-gulp-jshint-1-10-0 gulp-jshint@1.10.0
379 silly lockFile 085f6ad2-reload-gulp-livereload-1-5-0-tgz https://registry.npmjs.org/gulp-livereload/-/gulp-livereload-1.5.0.tgz
380 silly lockFile 085f6ad2-reload-gulp-livereload-1-5-0-tgz https://registry.npmjs.org/gulp-livereload/-/gulp-livereload-1.5.0.tgz
381 silly lockFile ba46c3d3-gulp-jshint-1-8-4 gulp-jshint@^1.8.4
382 silly lockFile ba46c3d3-gulp-jshint-1-8-4 gulp-jshint@^1.8.4
383 silly lockFile ed36d8ce-gulp-livereload-1-5-0 gulp-livereload@1.5.0
384 silly lockFile ed36d8ce-gulp-livereload-1-5-0 gulp-livereload@1.5.0
385 silly lockFile 8b91b0dd-gulp-livereload-1-2-0 gulp-livereload@^1.2.0
386 silly lockFile 8b91b0dd-gulp-livereload-1-2-0 gulp-livereload@^1.2.0
387 silly lockFile 9a31bf72-stry-npmjs-org-del-del-0-1-3-tgz https://registry.npmjs.org/del/-/del-0.1.3.tgz
388 silly lockFile 9a31bf72-stry-npmjs-org-del-del-0-1-3-tgz https://registry.npmjs.org/del/-/del-0.1.3.tgz
389 silly lockFile 6d26ea38-del-0-1-3 del@0.1.3
390 silly lockFile 6d26ea38-del-0-1-3 del@0.1.3
391 silly lockFile 1553f496-del-0-1-2 del@^0.1.2
392 silly lockFile 1553f496-del-0-1-2 del@^0.1.2
393 silly lockFile 378eba7e-gins-gulp-load-plugins-0-5-3-tgz https://registry.npmjs.org/gulp-load-plugins/-/gulp-load-plugins-0.5.3.tgz
394 silly lockFile 378eba7e-gins-gulp-load-plugins-0-5-3-tgz https://registry.npmjs.org/gulp-load-plugins/-/gulp-load-plugins-0.5.3.tgz
395 silly lockFile e291ae80-template-gulp-template-1-1-1-tgz https://registry.npmjs.org/gulp-template/-/gulp-template-1.1.1.tgz
396 silly lockFile e291ae80-template-gulp-template-1-1-1-tgz https://registry.npmjs.org/gulp-template/-/gulp-template-1.1.1.tgz
397 silly lockFile b1d20b0a-gulp-load-plugins-0-5-3 gulp-load-plugins@0.5.3
398 silly lockFile b1d20b0a-gulp-load-plugins-0-5-3 gulp-load-plugins@0.5.3
399 silly lockFile 79bb979f-gulp-template-1-1-1 gulp-template@1.1.1
400 silly lockFile 79bb979f-gulp-template-1-1-1 gulp-template@1.1.1
401 silly lockFile 79f8e8a0-gulp-load-plugins-0-5-0 gulp-load-plugins@^0.5.0
402 silly lockFile 79f8e8a0-gulp-load-plugins-0-5-0 gulp-load-plugins@^0.5.0
403 silly lockFile 33e8a767-by-sass-gulp-ruby-sass-0-7-1-tgz https://registry.npmjs.org/gulp-ruby-sass/-/gulp-ruby-sass-0.7.1.tgz
404 silly lockFile 33e8a767-by-sass-gulp-ruby-sass-0-7-1-tgz https://registry.npmjs.org/gulp-ruby-sass/-/gulp-ruby-sass-0.7.1.tgz
405 silly lockFile 6fe38407-gulp-template-1-0-0 gulp-template@^1.0.0
406 silly lockFile 6fe38407-gulp-template-1-0-0 gulp-template@^1.0.0
407 silly lockFile 6c8b8a58-gulp-ruby-sass-0-7-1 gulp-ruby-sass@0.7.1
408 silly lockFile 6c8b8a58-gulp-ruby-sass-0-7-1 gulp-ruby-sass@0.7.1
409 silly lockFile 3df01d2e-gulp-ruby-sass-0-7-1 gulp-ruby-sass@^0.7.1
410 silly lockFile 3df01d2e-gulp-ruby-sass-0-7-1 gulp-ruby-sass@^0.7.1
411 silly lockFile 03840917-rg-gulp-csso-gulp-csso-0-2-9-tgz https://registry.npmjs.org/gulp-csso/-/gulp-csso-0.2.9.tgz
412 silly lockFile 03840917-rg-gulp-csso-gulp-csso-0-2-9-tgz https://registry.npmjs.org/gulp-csso/-/gulp-csso-0.2.9.tgz
413 silly lockFile f21fa682-gulp-csso-0-2-9 gulp-csso@0.2.9
414 silly lockFile f21fa682-gulp-csso-0-2-9 gulp-csso@0.2.9
415 silly lockFile edaef1d5-gulp-csso-0-2-9 gulp-csso@^0.2.9
416 silly lockFile edaef1d5-gulp-csso-0-2-9 gulp-csso@^0.2.9
417 http 200 https://registry.npmjs.org/gulp-uglify/-/gulp-uglify-1.2.0.tgz
418 silly lockFile a22faf16-ulp-uglify-gulp-uglify-1-2-0-tgz https://registry.npmjs.org/gulp-uglify/-/gulp-uglify-1.2.0.tgz
419 silly lockFile a22faf16-ulp-uglify-gulp-uglify-1-2-0-tgz https://registry.npmjs.org/gulp-uglify/-/gulp-uglify-1.2.0.tgz
420 silly lockFile 9d272576-gulp-uglify-1-2-0 gulp-uglify@1.2.0
421 silly lockFile 9d272576-gulp-uglify-1-2-0 gulp-uglify@1.2.0
422 silly lockFile b54478de-gulp-uglify-1-0-0 gulp-uglify@^1.0.0
423 silly lockFile b54478de-gulp-uglify-1-0-0 gulp-uglify@^1.0.0
424 http 200 https://registry.npmjs.org/gulp-autoprefixer
425 silly registry.get cb [ 200,
425 silly registry.get   { date: 'Fri, 24 Apr 2015 17:12:46 GMT',
425 silly registry.get     server: 'CouchDB/1.5.0 (Erlang OTP/R16B03)',
425 silly registry.get     etag: '"4ZMY6KCC6F5SKOF76PM5F9SAD"',
425 silly registry.get     'content-type': 'application/json',
425 silly registry.get     'cache-control': 'max-age=60',
425 silly registry.get     'content-length': '21355',
425 silly registry.get     'accept-ranges': 'bytes',
425 silly registry.get     via: '1.1 varnish',
425 silly registry.get     age: '0',
425 silly registry.get     'x-served-by': 'cache-iad2127-IAD',
425 silly registry.get     'x-cache': 'HIT',
425 silly registry.get     'x-cache-hits': '1',
425 silly registry.get     'x-timer': 'S1429895565.666108,VS0,VE355',
425 silly registry.get     vary: 'Accept',
425 silly registry.get     'keep-alive': 'timeout=10, max=50',
425 silly registry.get     connection: 'Keep-Alive' } ]
426 silly addNameRange number 2 { name: 'gulp-autoprefixer', range: '=0.0.7', hasData: true }
427 silly addNameRange versions [ 'gulp-autoprefixer',
427 silly addNameRange   [ '0.0.1',
427 silly addNameRange     '0.0.2',
427 silly addNameRange     '0.0.3',
427 silly addNameRange     '0.0.4',
427 silly addNameRange     '0.0.5',
427 silly addNameRange     '0.0.6',
427 silly addNameRange     '0.0.7',
427 silly addNameRange     '0.0.8',
427 silly addNameRange     '0.0.9',
427 silly addNameRange     '0.0.10',
427 silly addNameRange     '1.0.0',
427 silly addNameRange     '1.0.1',
427 silly addNameRange     '2.0.0',
427 silly addNameRange     '2.1.0',
427 silly addNameRange     '2.2.0' ] ]
428 verbose addNamed [ 'gulp-autoprefixer', '0.0.7' ]
429 verbose addNamed [ '0.0.7', '0.0.7' ]
430 silly lockFile 48cacbeb-gulp-autoprefixer-0-0-7 gulp-autoprefixer@0.0.7
431 verbose lock gulp-autoprefixer@0.0.7 /Users/rpmdeveloper/.npm/48cacbeb-gulp-autoprefixer-0-0-7.lock
432 silly lockFile 29d44990-ixer-gulp-autoprefixer-0-0-7-tgz https://registry.npmjs.org/gulp-autoprefixer/-/gulp-autoprefixer-0.0.7.tgz
433 verbose lock https://registry.npmjs.org/gulp-autoprefixer/-/gulp-autoprefixer-0.0.7.tgz /Users/rpmdeveloper/.npm/29d44990-ixer-gulp-autoprefixer-0-0-7-tgz.lock
434 verbose addRemoteTarball [ 'https://registry.npmjs.org/gulp-autoprefixer/-/gulp-autoprefixer-0.0.7.tgz',
434 verbose addRemoteTarball   'e8b33a1b4b61deb1025d10675cc27e016855703f' ]
435 info retry fetch attempt 1 at 13:12:46
436 verbose fetch to= /var/folders/lr/7d655tkx465044yxz_s1l_sw0000gq/T/npm-50599-p7zqkt6G/registry.npmjs.org/gulp-autoprefixer/-/gulp-autoprefixer-0.0.7.tgz
437 http GET https://registry.npmjs.org/gulp-autoprefixer/-/gulp-autoprefixer-0.0.7.tgz
438 http 200 https://registry.npmjs.org/gulp-autoprefixer/-/gulp-autoprefixer-0.0.7.tgz
439 silly lockFile 29d44990-ixer-gulp-autoprefixer-0-0-7-tgz https://registry.npmjs.org/gulp-autoprefixer/-/gulp-autoprefixer-0.0.7.tgz
440 silly lockFile 29d44990-ixer-gulp-autoprefixer-0-0-7-tgz https://registry.npmjs.org/gulp-autoprefixer/-/gulp-autoprefixer-0.0.7.tgz
441 silly lockFile 48cacbeb-gulp-autoprefixer-0-0-7 gulp-autoprefixer@0.0.7
442 silly lockFile 48cacbeb-gulp-autoprefixer-0-0-7 gulp-autoprefixer@0.0.7
443 silly lockFile a1012483-gulp-autoprefixer-0-0-7 gulp-autoprefixer@^0.0.7
444 silly lockFile a1012483-gulp-autoprefixer-0-0-7 gulp-autoprefixer@^0.0.7
445 http 200 https://registry.npmjs.org/jshint-stylish
446 silly registry.get cb [ 200,
446 silly registry.get   { date: 'Fri, 24 Apr 2015 17:12:46 GMT',
446 silly registry.get     server: 'CouchDB/1.5.0 (Erlang OTP/R16B03)',
446 silly registry.get     etag: '"7CG270BLDHKJV77OA2K8ELH6I"',
446 silly registry.get     'content-type': 'application/json',
446 silly registry.get     'cache-control': 'max-age=60',
446 silly registry.get     'content-length': '14825',
446 silly registry.get     'accept-ranges': 'bytes',
446 silly registry.get     via: '1.1 varnish',
446 silly registry.get     age: '14',
446 silly registry.get     'x-served-by': 'cache-iad2135-IAD',
446 silly registry.get     'x-cache': 'HIT',
446 silly registry.get     'x-cache-hits': '1',
446 silly registry.get     'x-timer': 'S1429895566.105696,VS0,VE0',
446 silly registry.get     vary: 'Accept',
446 silly registry.get     'keep-alive': 'timeout=10, max=48',
446 silly registry.get     connection: 'Keep-Alive' } ]
447 silly addNameRange number 2 { name: 'jshint-stylish',
447 silly addNameRange   range: '>=0.4.0-0 <0.5.0-0',
447 silly addNameRange   hasData: true }
448 silly addNameRange versions [ 'jshint-stylish',
448 silly addNameRange   [ '0.1.0',
448 silly addNameRange     '0.1.1',
448 silly addNameRange     '0.1.2',
448 silly addNameRange     '0.1.3',
448 silly addNameRange     '0.1.4',
448 silly addNameRange     '0.1.5',
448 silly addNameRange     '0.2.0',
448 silly addNameRange     '0.3.0',
448 silly addNameRange     '0.4.0',
448 silly addNameRange     '1.0.0',
448 silly addNameRange     '1.0.1' ] ]
449 verbose addNamed [ 'jshint-stylish', '0.4.0' ]
450 verbose addNamed [ '0.4.0', '0.4.0' ]
451 silly lockFile 2526a52b-jshint-stylish-0-4-0 jshint-stylish@0.4.0
452 verbose lock jshint-stylish@0.4.0 /Users/rpmdeveloper/.npm/2526a52b-jshint-stylish-0-4-0.lock
453 silly lockFile 506c81a7-stylish-jshint-stylish-0-4-0-tgz https://registry.npmjs.org/jshint-stylish/-/jshint-stylish-0.4.0.tgz
454 verbose lock https://registry.npmjs.org/jshint-stylish/-/jshint-stylish-0.4.0.tgz /Users/rpmdeveloper/.npm/506c81a7-stylish-jshint-stylish-0-4-0-tgz.lock
455 verbose addRemoteTarball [ 'https://registry.npmjs.org/jshint-stylish/-/jshint-stylish-0.4.0.tgz',
455 verbose addRemoteTarball   'd785caf657926768145ed070f70f0f1ec536f8c6' ]
456 info retry fetch attempt 1 at 13:12:46
457 verbose fetch to= /var/folders/lr/7d655tkx465044yxz_s1l_sw0000gq/T/npm-50599-p7zqkt6G/registry.npmjs.org/jshint-stylish/-/jshint-stylish-0.4.0.tgz
458 http GET https://registry.npmjs.org/jshint-stylish/-/jshint-stylish-0.4.0.tgz
459 http 200 https://registry.npmjs.org/jshint-stylish/-/jshint-stylish-0.4.0.tgz
460 silly lockFile 506c81a7-stylish-jshint-stylish-0-4-0-tgz https://registry.npmjs.org/jshint-stylish/-/jshint-stylish-0.4.0.tgz
461 silly lockFile 506c81a7-stylish-jshint-stylish-0-4-0-tgz https://registry.npmjs.org/jshint-stylish/-/jshint-stylish-0.4.0.tgz
462 silly lockFile 2526a52b-jshint-stylish-0-4-0 jshint-stylish@0.4.0
463 silly lockFile 2526a52b-jshint-stylish-0-4-0 jshint-stylish@0.4.0
464 silly lockFile 81b9be26-jshint-stylish-0-4-0 jshint-stylish@^0.4.0
465 silly lockFile 81b9be26-jshint-stylish-0-4-0 jshint-stylish@^0.4.0
466 error Error: EACCES, mkdir '/Users/rpmdeveloper/.npm/gulp-jshint/1.10.0'
466 error  { [Error: EACCES, mkdir '/Users/rpmdeveloper/.npm/gulp-jshint/1.10.0']
466 error   errno: 3,
466 error   code: 'EACCES',
466 error   path: '/Users/rpmdeveloper/.npm/gulp-jshint/1.10.0',
466 error   parent: 'HTML5Blank' }
467 error Please try running this command again as root/Administrator.
468 error System Darwin 14.1.0
469 error command "node" "/usr/local/bin/npm" "install"
470 error cwd /Applications/MAMP/htdocs/quill/wp-content/themes/html5blank
471 error node -v v0.10.35
472 error npm -v 1.4.28
473 error path /Users/rpmdeveloper/.npm/gulp-jshint/1.10.0
474 error code EACCES
475 error errno 3
476 error stack Error: EACCES, mkdir '/Users/rpmdeveloper/.npm/gulp-jshint/1.10.0'
477 verbose exit [ 3, true ]
